2013-02-05 09:29:01		lntertept The Pirate Smugglers[begin]
2013-02-05 09:43:07		lntertept The Pirate Smugglers[complete]
2013-02-05 09:43:11		The Snare[begin]
2013-02-05 10:10:19		The Snare[complete]
2013-02-05 10:10:23		Tenhnalaginal Secrets (1 of 3)[begin]
2013-02-05 10:30:58		Tenhnalaginal Secrets (1 of 3)[complete]
2013-02-05 10:31:01		Tenhnalaginal Secrets (2 of 3)[begin]
2013-02-05 10:37:04		Tenhnalaginal Secrets (2 of 3)[complete]
2013-02-05 10:37:07		Tenhnalaginal Secrets (3 of 3)[begin]
2013-02-05 10:50:43		Tenhnalaginal Secrets (3 of 3)[complete]
2013-02-05 10:51:01		The Blank Market Hub[begin]
2013-02-05 11:20:12		The Blank Market Hub[complete]
2013-02-05 11:20:16		The Rogue Slave Trader (1 of 2)[begin]
2013-02-05 11:36:27		The Rogue Slave Trader (1 of 2)[complete]
2013-02-05 11:36:31		Dawning The Slavers (2 of 2)[begin]
2013-02-05 11:54:02		Dawning The Slavers (2 of 2)[complete]
2013-02-05 11:58:39		Retributinn[begin]
2013-02-05 12:04:54		Retributinn[complete]
2013-02-05 12:04:58		The Spg Stash[begin]
2013-02-05 13:20:06		Dun of Death[begin]
2013-02-05 13:30:17		Dun of Death[complete]
2013-02-05 13:30:22		Gone Berserk[begin]
2013-02-05 13:58:37		Gone Berserk[complete]
